<?xml version="1.0" encoding="UTF-8"?>
<testng-results ignored="0" total="3" passed="3" failed="0" skipped="0">
  <reporter-output>
  </reporter-output>
  <suite started-at="2023-02-10T12:33:15 EST" name="Default suite" finished-at="2023-02-10T12:33:17 EST" duration-ms="2255">
    <groups>
    </groups>
    <test started-at="2023-02-10T12:33:15 EST" name="Default test" finished-at="2023-02-10T12:33:17 EST" duration-ms="2255">
      <class name="tests.PutandPatchExamples">
        <test-method signature="testDelete()[pri:0, instance:tests.PutandPatchExamples@10d307f1]" started-at="2023-02-10T12:33:15 EST" name="testDelete" finished-at="2023-02-10T12:33:17 EST" duration-ms="1536" status="PASS">
          <reporter-output>
          </reporter-output>
        </test-method> <!-- testDelete -->
        <test-method signature="testPatch()[pri:0, instance:tests.PutandPatchExamples@10d307f1]" started-at="2023-02-10T12:33:17 EST" name="testPatch" finished-at="2023-02-10T12:33:17 EST" duration-ms="368" status="PASS">
          <reporter-output>
          </reporter-output>
        </test-method> <!-- testPatch -->
        <test-method signature="testPut()[pri:0, instance:tests.PutandPatchExamples@10d307f1]" started-at="2023-02-10T12:33:17 EST" name="testPut" finished-at="2023-02-10T12:33:17 EST" duration-ms="313" status="PASS">
          <reporter-output>
          </reporter-output>
        </test-method> <!-- testPut -->
      </class> <!-- tests.PutandPatchExamples -->
    </test> <!-- Default test -->
  </suite> <!-- Default suite -->
</testng-results>
