<?xml version="1.0" encoding="UTF-8"?>
<!-- Generated by org.testng.reporters.JUnitXMLReporter -->
<testsuite ignored="0" hostname="Kavitha" failures="0" tests="3" name="Default test" time="2.255" errors="0" timestamp="2023-02-10T12:33:17 EST">
  <testcase classname="tests.PutandPatchExamples" name="testDelete" time="1.536"/>
  <testcase classname="tests.PutandPatchExamples" name="testPatch" time="0.368"/>
  <testcase classname="tests.PutandPatchExamples" name="testPut" time="0.313"/>
</testsuite> <!-- Default test -->
